{
  "RSpec": {
    "coverage": {
      "/home/imjoshellis/tic-tac-toe-rb-online-web-sp-000/lib/tic_tac_toe.rb": [
        null,
        1,
        null,
        null,
        null,
        null,
        1,
        52,
        335,
        135,
        21,
        null,
        null,
        null,
        null,
        null,
        null,
        1,
        33,
        137,
        25,
        null,
        null,
        8,
        null,
        null,
        1,
        29,
        4,
        null,
        25,
        null,
        null,
        1,
        3,
        null,
        null,
        1,
        null,
        8,
        7,
        7,
        null,
        null,
        null,
        null,
        1,
        25,
        25,
        225,
        null,
        25,
        null,
        null,
        1,
        24,
        null,
        null,
        1,
        28,
        28,
        28,
        28,
        28,
        null,
        null,
        1,
        19601,
        null,
        null,
        1,
        26,
        null,
        null,
        1,
        19603,
        null,
        null,
        1,
        19601,
        null,
        null,
        1,
        19601,
        19598,
        19598,
        19598,
        23,
        23,
        null,
        19575,
        null,
        null,
        null,
        null,
        1,
        12,
        12,
        33,
        6,
        6,
        null,
        27,
        3,
        3,
        null,
        null,
        24,
        21,
        null,
        null
      ]
    },
    "timestamp": 1583167568
  }
}
