{
  "RSpec": {
    "coverage": {
      "/home/imjoshellis/tic-tac-toe-rb-online-web-sp-000/lib/tic_tac_toe.rb": [
        null,
        1,
        null,
        null,
        null,
        null,
        1,
        24,
        180,
        40,
        10,
        null,
        null,
        null,
        null,
        null,
        null,
        1,
        22,
        113,
        16,
        null,
        null,
        6,
        null,
        null,
        1,
        5,
        2,
        null,
        3,
        null,
        null,
        1,
        16,
        null,
        null,
        1,
        null,
        4,
        3,
        3,
        null,
        null,
        null,
        null,
        1,
        25,
        25,
        225,
        null,
        25,
        null,
        null,
        1,
        24,
        null,
        null,
        1,
        28,
        28,
        28,
        28,
        28,
        null,
        null,
        1,
        28916,
        null,
        null,
        1,
        26,
        null,
        null,
        1,
        28918,
        null,
        null,
        1,
        28916,
        null,
        null,
        1,
        28920,
        28916,
        28913,
        28913,
        23,
        23,
        null,
        28890,
        null,
        null,
        null,
        null,
        1,
        12,
        12,
        30,
        21,
        3,
        2,
        2,
        null,
        1,
        1,
        null,
        null,
        18,
        null,
        null
      ]
    },
    "timestamp": 1583167394
  }
}
